[debug] [2022-12-10T07:35:35.722Z] ----------------------------------------------------------------------
[debug] [2022-12-10T07:35:35.723Z] Command:       /Users/laptop/.nvm/versions/node/v14.19.0/bin/node /usr/local/bin/firebase init
[debug] [2022-12-10T07:35:35.724Z] CLI Version:   11.17.0
[debug] [2022-12-10T07:35:35.724Z] Platform:      darwin
[debug] [2022-12-10T07:35:35.724Z] Node Version:  v14.19.0
[debug] [2022-12-10T07:35:35.724Z] Time:          Sat Dec 10 2022 14:35:35 GMT+0700 (Indochina Time)
[debug] [2022-12-10T07:35:35.724Z] ----------------------------------------------------------------------
[debug] 
[debug] [2022-12-10T07:35:35.731Z] > command requires scopes: ["email","openid","https://www.googleapis.com/auth/cloudplatformprojects.readonly","https://www.googleapis.com/auth/firebase","https://www.googleapis.com/auth/cloud-platform"]
[debug] [2022-12-10T07:35:35.732Z] > authorizing via signed-in user (tung.nguyen21098@gmail.com)
[info] 
     ######## #### ########  ######## ########     ###     ######  ########
     ##        ##  ##     ## ##       ##     ##  ##   ##  ##       ##
     ######    ##  ########  ######   ########  #########  ######  ######
     ##        ##  ##    ##  ##       ##     ## ##     ##       ## ##
     ##       #### ##     ## ######## ########  ##     ##  ######  ########

You're about to initialize a Firebase project in this directory:

  /Users/laptop/Documents/PERSONAL/core-react-ts-demo 

[info] 
=== Project Setup
[info] 
[info] First, let's associate this project directory with a Firebase project.
[info] You can create multiple project aliases by running firebase use --add, 
[info] but for now we'll just set up a default project.
[info] 
[debug] [2022-12-10T07:35:46.109Z] >>> [apiv2][query] GET https://firebase.googleapis.com/v1beta1/projects pageSize=100
[debug] [2022-12-10T07:35:46.768Z] <<< [apiv2][status] GET https://firebase.googleapis.com/v1beta1/projects 200
[debug] [2022-12-10T07:35:46.769Z] <<< [apiv2][body] GET https://firebase.googleapis.com/v1beta1/projects [omitted]
[info] i  Using project fb-dashboard-easy (fb-dashboard-easy) 
[info] 
=== Hosting Setup
[info] 
[info] Your public directory is the folder (relative to your project directory) that
[info] will contain Hosting assets to be uploaded with firebase deploy. If you
[info] have a build process for your assets, use your build's output directory.
[info] 
[debug] [2022-12-10T07:36:17.076Z] >>> [apiv2][query] GET https://www.gstatic.com/firebasejs/releases.json [none]
[debug] [2022-12-10T07:36:17.230Z] <<< [apiv2][status] GET https://www.gstatic.com/firebasejs/releases.json 200
[debug] [2022-12-10T07:36:17.231Z] <<< [apiv2][body] GET https://www.gstatic.com/firebasejs/releases.json {"current":{"version":"9.15.0","browserURL":"https://www.gstatic.com/firebasejs/9.15.0/firebase.js","packageURL":"https://www.gstatic.com/firebasejs/9.15.0/firebase.tgz"},"live":{"version":"9.15","browserURL":"https://www.gstatic.com/firebasejs/live/9.15/firebase.js","packageURL":"https://www.gstatic.com/firebasejs/live/9.15/firebase.tgz"},"components":{"analytics":"https://www.gstatic.com/firebasejs/9.15.0/firebase-analytics.js","app":"https://www.gstatic.com/firebasejs/9.15.0/firebase-app.js","app-check":"https://www.gstatic.com/firebasejs/9.15.0/firebase-app-check.js","auth":"https://www.gstatic.com/firebasejs/9.15.0/firebase-auth.js","auth/cordova":"https://www.gstatic.com/firebasejs/9.15.0/firebase-auth/cordova.js","auth/react-native":"https://www.gstatic.com/firebasejs/9.15.0/firebase-auth/react-native.js","functions":"https://www.gstatic.com/firebasejs/9.15.0/firebase-functions.js","firestore":"https://www.gstatic.com/firebasejs/9.15.0/firebase-firestore.js","firestore/lite":"https://www.gstatic.com/firebasejs/9.15.0/firebase-firestore/lite.js","installations":"https://www.gstatic.com/firebasejs/9.15.0/firebase-installations.js","storage":"https://www.gstatic.com/firebasejs/9.15.0/firebase-storage.js","performance":"https://www.gstatic.com/firebasejs/9.15.0/firebase-performance.js","remote-config":"https://www.gstatic.com/firebasejs/9.15.0/firebase-remote-config.js","messaging":"https://www.gstatic.com/firebasejs/9.15.0/firebase-messaging.js","messaging/sw":"https://www.gstatic.com/firebasejs/9.15.0/firebase-messaging/sw.js","database":"https://www.gstatic.com/firebasejs/9.15.0/firebase-database.js","firestore.memory":"https://www.gstatic.com/firebasejs/9.15.0/firebase-firestore.memory.js"}}
[info] ✔  Wrote public/index.html 
[info] 
[info] i  Detected a .git folder at /Users/laptop/Documents/PERSONAL/core-react-ts-demo  
[info] i  Authorizing with GitHub to upload your service account to a GitHub repository's secrets store. 
[info] 
[info] Visit this URL on this device to log in:
[info] https://github.com/login/oauth/authorize?client_id=89cf50f02ac6aaed3484&state=994030030&redirect_uri=http%3A%2F%2Flocalhost%3A9005&scope=read%3Auser%20repo%20public_repo
[info] 
[info] Waiting for authentication...
[debug] [2022-12-10T07:36:36.604Z] >>> [apiv2][query] POST https://github.com/login/oauth/access_token [none]
[debug] [2022-12-10T07:36:36.605Z] >>> [apiv2][body] POST https://github.com/login/oauth/access_token [stream]
[debug] [2022-12-10T07:36:37.055Z] <<< [apiv2][status] POST https://github.com/login/oauth/access_token 200
[debug] [2022-12-10T07:36:37.056Z] <<< [apiv2][body] POST https://github.com/login/oauth/access_token {"access_token":"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","token_type":"bearer","scope":"read:user,repo"}
[debug] [2022-12-10T07:36:37.069Z] >>> [apiv2][query] GET https://api.github.com/user [none]
[debug] [2022-12-10T07:36:37.643Z] <<< [apiv2][status] GET https://api.github.com/user 200
[debug] [2022-12-10T07:36:37.643Z] <<< [apiv2][body] GET https://api.github.com/user {"login":"tungnguyen741","id":57530101,"node_id":"MDQ6VXNlcjU3NTMwMTAx","avatar_url":"https://avatars.githubusercontent.com/u/57530101?v=4","gravatar_id":"","url":"https://api.github.com/users/tungnguyen741","html_url":"https://github.com/tungnguyen741","followers_url":"https://api.github.com/users/tungnguyen741/followers","following_url":"https://api.github.com/users/tungnguyen741/following{/other_user}","gists_url":"https://api.github.com/users/tungnguyen741/gists{/gist_id}","starred_url":"https://api.github.com/users/tungnguyen741/starred{/owner}{/repo}","subscriptions_url":"https://api.github.com/users/tungnguyen741/subscriptions","organizations_url":"https://api.github.com/users/tungnguyen741/orgs","repos_url":"https://api.github.com/users/tungnguyen741/repos","events_url":"https://api.github.com/users/tungnguyen741/events{/privacy}","received_events_url":"https://api.github.com/users/tungnguyen741/received_events","type":"User","site_admin":false,"name":"Tùng Nguyễn","company":null,"blog":"facebook.com/tung.nguyen741","location":"VietNam","email":null,"hireable":null,"bio":null,"twitter_username":null,"public_repos":29,"public_gists":3,"followers":1,"following":0,"created_at":"2019-11-08T12:30:33Z","updated_at":"2022-12-09T11:03:20Z","private_gists":1,"total_private_repos":26,"owned_private_repos":26,"disk_usage":552044,"collaborators":3,"two_factor_authentication":false,"plan":{"name":"free","space":976562499,"collaborators":0,"private_repos":10000}}
[info] 
[info] ✔  Success! Logged into GitHub as tungnguyen741 
[info] 
[debug] [2022-12-10T07:36:44.881Z] >>> [apiv2][query] GET https://api.github.com/repos//actions/secrets/public-key type=owner
[debug] [2022-12-10T07:36:45.326Z] <<< [apiv2][status] GET https://api.github.com/repos//actions/secrets/public-key 404
[debug] [2022-12-10T07:36:45.327Z] <<< [apiv2][body] GET https://api.github.com/repos//actions/secrets/public-key {"message":"Not Found","documentation_url":"https://docs.github.com/rest"}
